Determining if the pthread_create exist failed with the following output:
Change Dir: /home/vipin/Documents/TestCPPProjects/learningProjects/build/CMakeFiles/CMakeTmp

Run Build Command:"/usr/bin/make" "cmTC_cc565/fast"
/usr/bin/make -f CMakeFiles/cmTC_cc565.dir/build.make CMakeFiles/cmTC_cc565.dir/build
make[1]: Entering directory '/home/vipin/Documents/TestCPPProjects/learningProjects/build/CMakeFiles/CMakeTmp'
Building C object CMakeFiles/cmTC_cc565.dir/CheckSymbolExists.c.o
/usr/bin/clang    -o CMakeFiles/cmTC_cc565.dir/CheckSymbolExists.c.o   -c /home/vipin/Documents/TestCPPProjects/learningProjects/build/CMakeFiles/CMakeTmp/CheckSymbolExists.c
Linking C executable cmTC_cc565
/usr/bin/cmake -E cmake_link_script CMakeFiles/cmTC_cc565.dir/link.txt --verbose=1
/usr/bin/clang      -rdynamic CMakeFiles/cmTC_cc565.dir/CheckSymbolExists.c.o  -o cmTC_cc565 
CMakeFiles/cmTC_cc565.dir/CheckSymbolExists.c.o: In function `main':
CheckSymbolExists.c:(.text+0x19): undefined reference to `pthread_create'
clang: error: linker command failed with exit code 1 (use -v to see invocation)
CMakeFiles/cmTC_cc565.dir/build.make:97: recipe for target 'cmTC_cc565' failed
make[1]: *** [cmTC_cc565] Error 1
make[1]: Leaving directory '/home/vipin/Documents/TestCPPProjects/learningProjects/build/CMakeFiles/CMakeTmp'
Makefile:126: recipe for target 'cmTC_cc565/fast' failed
make: *** [cmTC_cc565/fast] Error 2

File /home/vipin/Documents/TestCPPProjects/learningProjects/build/CMakeFiles/CMakeTmp/CheckSymbolExists.c:
/* */
#include <pthread.h>

int main(int argc, char** argv)
{
  (void)argv;
#ifndef pthread_create
  return ((int*)(&pthread_create))[argc];
#else
  (void)argc;
  return 0;
#endif
}

Determining if the function pthread_create exists in the pthreads failed with the following output:
Change Dir: /home/vipin/Documents/TestCPPProjects/learningProjects/build/CMakeFiles/CMakeTmp

Run Build Command:"/usr/bin/make" "cmTC_3f52b/fast"
/usr/bin/make -f CMakeFiles/cmTC_3f52b.dir/build.make CMakeFiles/cmTC_3f52b.dir/build
make[1]: Entering directory '/home/vipin/Documents/TestCPPProjects/learningProjects/build/CMakeFiles/CMakeTmp'
Building C object CMakeFiles/cmTC_3f52b.dir/CheckFunctionExists.c.o
/usr/bin/clang   -DCHECK_FUNCTION_EXISTS=pthread_create   -o CMakeFiles/cmTC_3f52b.dir/CheckFunctionExists.c.o   -c /usr/share/cmake-3.10/Modules/CheckFunctionExists.c
Linking C executable cmTC_3f52b
/usr/bin/cmake -E cmake_link_script CMakeFiles/cmTC_3f52b.dir/link.txt --verbose=1
/usr/bin/clang  -DCHECK_FUNCTION_EXISTS=pthread_create    -rdynamic CMakeFiles/cmTC_3f52b.dir/CheckFunctionExists.c.o  -o cmTC_3f52b -lpthreads 
/usr/bin/ld: cannot find -lpthreads
clang: error: linker command failed with exit code 1 (use -v to see invocation)
CMakeFiles/cmTC_3f52b.dir/build.make:97: recipe for target 'cmTC_3f52b' failed
make[1]: *** [cmTC_3f52b] Error 1
make[1]: Leaving directory '/home/vipin/Documents/TestCPPProjects/learningProjects/build/CMakeFiles/CMakeTmp'
Makefile:126: recipe for target 'cmTC_3f52b/fast' failed
make: *** [cmTC_3f52b/fast] Error 2


